<?xml version="1.0" encoding="UTF-8"?>
<testng-results skipped="0" failed="1" ignored="0" total="1" passed="0">
  <reporter-output>
  </reporter-output>
  <suite name="Surefire suite" duration-ms="189033" started-at="2022-06-19T09:34:07 EET" finished-at="2022-06-19T09:37:16 EET">
    <groups>
      <group name="cucumber">
        <method signature="AbstractTestNGCucumberTests.runScenario(io.cucumber.testng.PickleWrapper,io.cucumber.testng.FeatureWrapper)[pri:0, instance:org.example.testRunner.Runner@5bcea91b]" name="runScenario" class="io.cucumber.testng.AbstractTestNGCucumberTests"/>
      </group> <!-- cucumber -->
    </groups>
    <test name="Surefire test" duration-ms="189033" started-at="2022-06-19T09:34:07 EET" finished-at="2022-06-19T09:37:16 EET">
      <class name="org.example.testRunner.Runner">
        <test-method status="PASS" signature="setUpClass(org.testng.ITestContext)[pri:0, instance:org.example.testRunner.Runner@5bcea91b]" name="setUpClass" is-config="true" duration-ms="4947" started-at="2022-06-19T09:34:07 EET" finished-at="2022-06-19T09:34:12 EET">
          <params>
            <param index="0">
              <value>
                <![CDATA[org.testng.TestRunner@245ec1a6]]>
              </value>
            </param>
          </params>
          <reporter-output>
          </reporter-output>
        </test-method> <!-- setUpClass -->
        <test-method status="FAIL" signature="runScenario(io.cucumber.testng.PickleWrapper,io.cucumber.testng.FeatureWrapper)[pri:0, instance:org.example.testRunner.Runner@5bcea91b]" name="runScenario" duration-ms="149441" started-at="2022-06-19T09:34:12 EET" description="Runs Cucumber Scenarios" data-provider="scenarios" finished-at="2022-06-19T09:36:42 EET">
          <params>
            <param index="0">
              <value>
                <![CDATA["user can search for any item by item's name"]]>
              </value>
            </param>
            <param index="1">
              <value>
                <![CDATA["User could search for any item"]]>
              </value>
            </param>
          </params>
          <exception class="java.lang.AssertionError">
            <message>
              <![CDATA[expected [true] but found [false]]]>
            </message>
            <full-stacktrace>
              <![CDATA[java.lang.AssertionError: expected [true] but found [false]
at org.testng.Assert.fail(Assert.java:110)
at org.testng.Assert.failNotEquals(Assert.java:1413)
at org.testng.Assert.assertTrue(Assert.java:56)
at org.testng.Assert.assertTrue(Assert.java:66)
at org.example.pages.P01_SearchPage.results(P01_SearchPage.java:16)
at org.example.stepDefinitions.SD01_SearchFunctionality.find_results(SD01_SearchFunctionality.java:29)
at âœ½.user could find relative result(file:///E:/New%20folder/E-commerce-App-Automation-Testing-main/InstaBug-Task/TestAutomation_InstaBugTask/src/main/resources/features/SC01_search.feature:11)
]]>
            </full-stacktrace>
          </exception> <!-- java.lang.AssertionError -->
          <reporter-output>
          </reporter-output>
        </test-method> <!-- runScenario -->
        <test-method status="PASS" signature="tearDownClass()[pri:0, instance:org.example.testRunner.Runner@5bcea91b]" name="tearDownClass" is-config="true" duration-ms="34414" started-at="2022-06-19T09:36:42 EET" finished-at="2022-06-19T09:37:16 EET">
          <reporter-output>
          </reporter-output>
        </test-method> <!-- tearDownClass -->
      </class> <!-- org.example.testRunner.Runner -->
    </test> <!-- Surefire test -->
  </suite> <!-- Surefire suite -->
</testng-results>
