<?xml version="1.0" encoding="UTF-8"?>
<!-- Generated by org.testng.reporters.JUnitReportReporter -->
<testsuite skipped="0" hostname="DESKTOP-2PNQ4DL" name="org.example.testRunner.Runner" tests="1" failures="1" timestamp="2022-06-19T09:37:23 EET" time="149.441" errors="0">
  <testcase name="runScenario" time="149.441" classname="org.example.testRunner.Runner">
    <failure type="java.lang.AssertionError" message="expected [true] but found [false]">
      <![CDATA[java.lang.AssertionError: expected [true] but found [false]
at org.testng.Assert.fail(Assert.java:110)
at org.testng.Assert.failNotEquals(Assert.java:1413)
at org.testng.Assert.assertTrue(Assert.java:56)
at org.testng.Assert.assertTrue(Assert.java:66)
at org.example.pages.P01_SearchPage.results(P01_SearchPage.java:16)
at org.example.stepDefinitions.SD01_SearchFunctionality.find_results(SD01_SearchFunctionality.java:29)
at âœ½.user could find relative result(file:///E:/New%20folder/E-commerce-App-Automation-Testing-main/InstaBug-Task/TestAutomation_InstaBugTask/src/main/resources/features/SC01_search.feature:11)
]]>
    </failure>
  </testcase> <!-- runScenario -->
  <system-out/>
</testsuite> <!-- org.example.testRunner.Runner -->
