<?xml version="1.0" encoding="UTF-8"?>
<!-- Generated by org.testng.reporters.JUnitXMLReporter -->
<testsuite hostname="DESKTOP-2PNQ4DL" ignored="0" name="Surefire test" tests="1" failures="1" timestamp="2022-06-19T09:37:17 EET" time="189.033" errors="0">
  <testcase name="runScenario" time="149.441" classname="io.cucumber.testng.AbstractTestNGCucumberTests">
    <failure type="java.lang.AssertionError" message="expected [true] but found [false]">
      <![CDATA[java.lang.AssertionError: expected [true] but found [false]
at org.example.pages.P01_SearchPage.results(P01_SearchPage.java:16)
at org.example.stepDefinitions.SD01_SearchFunctionality.find_results(SD01_SearchFunctionality.java:29)
at âœ½.user could find relative result(file:///E:/New%20folder/E-commerce-App-Automation-Testing-main/InstaBug-Task/TestAutomation_InstaBugTask/src/main/resources/features/SC01_search.feature:11)
... Removed 4 stack frames]]>
    </failure>
  </testcase> <!-- runScenario -->
</testsuite> <!-- Surefire test -->
